# JRE version: OpenJDK Runtime Environment (8.0_252-b09) (build 1.8.0_252-b09)
# Java VM: OpenJDK Client VM (25.252-b09 mixed mode windows-x86 )
Heap:
 def new generation   total 4992K, used 1699K [0x10200000, 0x10760000, 0x15750000)
  eden space 4480K,  26% used [0x10200000, 0x10328f18, 0x10660000)
  from space 512K, 100% used [0x10660000, 0x106e0000, 0x106e0000)
  to   space 512K,   0% used [0x106e0000, 0x106e0000, 0x10760000)
 tenured generation   total 10944K, used 10265K [0x15750000, 0x16200000, 0x20200000)
   the space 10944K,  93% used [0x15750000, 0x161567c8, 0x16156800, 0x16200000)
 Metaspace       used 18386K, capacity 18631K, committed 18816K, reserved 18816K
GC Heap History (10 events):
Event: 1.517 GC heap before
{Heap before GC invocations=11 (full 0):
 def new generation   total 4928K, used 4143K [0x10200000, 0x10750000, 0x15750000)
  eden space 4416K,  82% used [0x10200000, 0x1058bdb0, 0x10650000)
  from space 512K, 100% used [0x106d0000, 0x10750000, 0x10750000)
  to   space 512K,   0% used [0x10650000, 0x10650000, 0x106d0000)
 tenured generation   total 10944K, used 9485K [0x15750000, 0x16200000, 0x20200000)
   the space 10944K,  86% used [0x15750000, 0x16093500, 0x16093600, 0x16200000)
 Metaspace       used 12033K, capacity 12233K, committed 12288K, reserved 12672K
Event: 1.530 GC heap after
Heap after GC invocations=12 (full 1):
 def new generation   total 4992K, used 0K [0x10200000, 0x10760000, 0x15750000)
  eden space 4480K,   0% used [0x10200000, 0x10200000, 0x10660000)
  from space 512K,   0% used [0x10660000, 0x10660000, 0x106e0000)
  to   space 512K,   0% used [0x106e0000, 0x106e0000, 0x10760000)
 tenured generation   total 10944K, used 6262K [0x15750000, 0x16200000, 0x20200000)
   the space 10944K,  57% used [0x15750000, 0x15d6dad8, 0x15d6dc00, 0x16200000)
 Metaspace       used 12033K, capacity 12233K, committed 12288K, reserved 12672K
}
Event: 1.576 GC heap before
{Heap before GC invocations=12 (full 1):
 def new generation   total 4992K, used 4480K [0x10200000, 0x10760000, 0x15750000)
  eden space 4480K, 100% used [0x10200000, 0x10660000, 0x10660000)
  from space 512K,   0% used [0x10660000, 0x10660000, 0x106e0000)
  to   space 512K,   0% used [0x106e0000, 0x106e0000, 0x10760000)
 tenured generation   total 10944K, used 6262K [0x15750000, 0x16200000, 0x20200000)
   the space 10944K,  57% used [0x15750000, 0x15d6dad8, 0x15d6dc00, 0x16200000)
 Metaspace       used 12698K, capacity 12915K, committed 13056K, reserved 13696K
Event: 1.579 GC heap after
Heap after GC invocations=13 (full 1):
 def new generation   total 4992K, used 512K [0x10200000, 0x10760000, 0x15750000)
  eden space 4480K,   0% used [0x10200000, 0x10200000, 0x10660000)
  from space 512K, 100% used [0x106e0000, 0x10760000, 0x10760000)
  to   space 512K,   0% used [0x10660000, 0x10660000, 0x106e0000)
 tenured generation   total 10944K, used 6555K [0x15750000, 0x16200000, 0x20200000)
   the space 10944K,  59% used [0x15750000, 0x15db6e60, 0x15db7000, 0x16200000)
 Metaspace       used 12698K, capacity 12915K, committed 13056K, reserved 13696K
}
Event: 1.680 GC heap before
{Heap before GC invocations=13 (full 1):
 def new generation   total 4992K, used 4980K [0x10200000, 0x10760000, 0x15750000)
  eden space 4480K,  99% used [0x10200000, 0x1065d3d0, 0x10660000)
  from space 512K, 100% used [0x106e0000, 0x10760000, 0x10760000)
  to   space 512K,   0% used [0x10660000, 0x10660000, 0x106e0000)
 tenured generation   total 10944K, used 6555K [0x15750000, 0x16200000, 0x20200000)
   the space 10944K,  59% used [0x15750000, 0x15db6e60, 0x15db7000, 0x16200000)
 Metaspace       used 14311K, capacity 14552K, committed 14720K, reserved 14720K
Event: 1.685 GC heap after
Heap after GC invocations=14 (full 1):
 def new generation   total 4992K, used 512K [0x10200000, 0x10760000, 0x15750000)
  eden space 4480K,   0% used [0x10200000, 0x10200000, 0x10660000)
  from space 512K, 100% used [0x10660000, 0x106e0000, 0x106e0000)
  to   space 512K,   0% used [0x106e0000, 0x106e0000, 0x10760000)
 tenured generation   total 10944K, used 7550K [0x15750000, 0x16200000, 0x20200000)
   the space 10944K,  68% used [0x15750000, 0x15eaf8b0, 0x15eafa00, 0x16200000)
 Metaspace       used 14311K, capacity 14552K, committed 14720K, reserved 14720K
}
Event: 1.908 GC heap before
{Heap before GC invocations=14 (full 1):
 def new generation   total 4992K, used 4992K [0x10200000, 0x10760000, 0x15750000)
  eden space 4480K, 100% used [0x10200000, 0x10660000, 0x10660000)
  from space 512K, 100% used [0x10660000, 0x106e0000, 0x106e0000)
  to   space 512K,   0% used [0x106e0000, 0x106e0000, 0x10760000)
 tenured generation   total 10944K, used 7550K [0x15750000, 0x16200000, 0x20200000)
   the space 10944K,  68% used [0x15750000, 0x15eaf8b0, 0x15eafa00, 0x16200000)
 Metaspace       used 17491K, capacity 17735K, committed 17920K, reserved 18816K
Event: 1.913 GC heap after
Heap after GC invocations=15 (full 1):
 def new generation   total 4992K, used 512K [0x10200000, 0x10760000, 0x15750000)
  eden space 4480K,   0% used [0x10200000, 0x10200000, 0x10660000)
  from space 512K, 100% used [0x106e0000, 0x10760000, 0x10760000)
  to   space 512K,   0% used [0x10660000, 0x10660000, 0x106e0000)
 tenured generation   total 10944K, used 9150K [0x15750000, 0x16200000, 0x20200000)
   the space 10944K,  83% used [0x15750000, 0x1603f8b0, 0x1603fa00, 0x16200000)
 Metaspace       used 17491K, capacity 17735K, committed 17920K, reserved 18816K
}
Event: 2.006 GC heap before
{Heap before GC invocations=15 (full 1):
 def new generation   total 4992K, used 4992K [0x10200000, 0x10760000, 0x15750000)
  eden space 4480K, 100% used [0x10200000, 0x10660000, 0x10660000)
  from space 512K, 100% used [0x106e0000, 0x10760000, 0x10760000)
  to   space 512K,   0% used [0x10660000, 0x10660000, 0x106e0000)
 tenured generation   total 10944K, used 9150K [0x15750000, 0x16200000, 0x20200000)
   the space 10944K,  83% used [0x15750000, 0x1603f8b0, 0x1603fa00, 0x16200000)
 Metaspace       used 18157K, capacity 18407K, committed 18560K, reserved 18816K
Event: 2.009 GC heap after
Heap after GC invocations=16 (full 1):
 def new generation   total 4992K, used 512K [0x10200000, 0x10760000, 0x15750000)
  eden space 4480K,   0% used [0x10200000, 0x10200000, 0x10660000)
  from space 512K, 100% used [0x10660000, 0x106e0000, 0x106e0000)
  to   space 512K,   0% used [0x106e0000, 0x106e0000, 0x10760000)
 tenured generation   total 10944K, used 10265K [0x15750000, 0x16200000, 0x20200000)
   the space 10944K,  93% used [0x15750000, 0x161567c8, 0x16156800, 0x16200000)
 Metaspace       used 18157K, capacity 18407K, committed 18560K, reserved 18816K
}

