# JRE version: OpenJDK Runtime Environment (8.0_252-b09) (build 1.8.0_252-b09)
# Java VM: OpenJDK Client VM (25.252-b09 mixed mode windows-x86 )
Heap:
 def new generation   total 4992K, used 1394K [0x0fe00000, 0x10360000, 0x15350000)
  eden space 4480K,  25% used [0x0fe00000, 0x0ff1ba88, 0x10260000)
  from space 512K,  50% used [0x102e0000, 0x10321010, 0x10360000)
  to   space 512K,   0% used [0x10260000, 0x10260000, 0x102e0000)
 tenured generation   total 10944K, used 7811K [0x15350000, 0x15e00000, 0x1fe00000)
   the space 10944K,  71% used [0x15350000, 0x15af0de0, 0x15af0e00, 0x15e00000)
 Metaspace       used 19416K, capacity 19682K, committed 19840K, reserved 19840K
GC Heap History (10 events):
Event: 1.439 GC heap before
{Heap before GC invocations=13 (full 1):
 def new generation   total 4992K, used 4991K [0x0fe00000, 0x10360000, 0x15350000)
  eden space 4480K, 100% used [0x0fe00000, 0x10260000, 0x10260000)
  from space 512K,  99% used [0x102e0000, 0x1035fff8, 0x10360000)
  to   space 512K,   0% used [0x10260000, 0x10260000, 0x102e0000)
 tenured generation   total 10944K, used 6509K [0x15350000, 0x15e00000, 0x1fe00000)
   the space 10944K,  59% used [0x15350000, 0x159ab430, 0x159ab600, 0x15e00000)
 Metaspace       used 14373K, capacity 14591K, committed 14720K, reserved 14720K
Event: 1.444 GC heap after
Heap after GC invocations=14 (full 1):
 def new generation   total 4992K, used 512K [0x0fe00000, 0x10360000, 0x15350000)
  eden space 4480K,   0% used [0x0fe00000, 0x0fe00000, 0x10260000)
  from space 512K, 100% used [0x10260000, 0x102e0000, 0x102e0000)
  to   space 512K,   0% used [0x102e0000, 0x102e0000, 0x10360000)
 tenured generation   total 10944K, used 7555K [0x15350000, 0x15e00000, 0x1fe00000)
   the space 10944K,  69% used [0x15350000, 0x15ab0ee0, 0x15ab1000, 0x15e00000)
 Metaspace       used 14373K, capacity 14591K, committed 14720K, reserved 14720K
}
Event: 1.715 GC heap before
{Heap before GC invocations=14 (full 1):
 def new generation   total 4992K, used 4992K [0x0fe00000, 0x10360000, 0x15350000)
  eden space 4480K, 100% used [0x0fe00000, 0x10260000, 0x10260000)
  from space 512K, 100% used [0x10260000, 0x102e0000, 0x102e0000)
  to   space 512K,   0% used [0x102e0000, 0x102e0000, 0x10360000)
 tenured generation   total 10944K, used 7555K [0x15350000, 0x15e00000, 0x1fe00000)
   the space 10944K,  69% used [0x15350000, 0x15ab0ee0, 0x15ab1000, 0x15e00000)
 Metaspace       used 17529K, capacity 17771K, committed 17920K, reserved 18816K
Event: 1.721 GC heap after
Heap after GC invocations=15 (full 1):
 def new generation   total 4992K, used 512K [0x0fe00000, 0x10360000, 0x15350000)
  eden space 4480K,   0% used [0x0fe00000, 0x0fe00000, 0x10260000)
  from space 512K, 100% used [0x102e0000, 0x10360000, 0x10360000)
  to   space 512K,   0% used [0x10260000, 0x10260000, 0x102e0000)
 tenured generation   total 10944K, used 9117K [0x15350000, 0x15e00000, 0x1fe00000)
   the space 10944K,  83% used [0x15350000, 0x15c37460, 0x15c37600, 0x15e00000)
 Metaspace       used 17529K, capacity 17771K, committed 17920K, reserved 18816K
}
Event: 1.831 GC heap before
{Heap before GC invocations=15 (full 1):
 def new generation   total 4992K, used 4989K [0x0fe00000, 0x10360000, 0x15350000)
  eden space 4480K,  99% used [0x0fe00000, 0x1025f538, 0x10260000)
  from space 512K, 100% used [0x102e0000, 0x10360000, 0x10360000)
  to   space 512K,   0% used [0x10260000, 0x10260000, 0x102e0000)
 tenured generation   total 10944K, used 9117K [0x15350000, 0x15e00000, 0x1fe00000)
   the space 10944K,  83% used [0x15350000, 0x15c37460, 0x15c37600, 0x15e00000)
 Metaspace       used 18192K, capacity 18443K, committed 18560K, reserved 18816K
Event: 1.835 GC heap after
Heap after GC invocations=16 (full 1):
 def new generation   total 4992K, used 512K [0x0fe00000, 0x10360000, 0x15350000)
  eden space 4480K,   0% used [0x0fe00000, 0x0fe00000, 0x10260000)
  from space 512K, 100% used [0x10260000, 0x102e0000, 0x102e0000)
  to   space 512K,   0% used [0x102e0000, 0x102e0000, 0x10360000)
 tenured generation   total 10944K, used 10247K [0x15350000, 0x15e00000, 0x1fe00000)
   the space 10944K,  93% used [0x15350000, 0x15d51d20, 0x15d51e00, 0x15e00000)
 Metaspace       used 18192K, capacity 18443K, committed 18560K, reserved 18816K
}
Event: 60.241 GC heap before
{Heap before GC invocations=16 (full 1):
 def new generation   total 4992K, used 3474K [0x0fe00000, 0x10360000, 0x15350000)
  eden space 4480K,  66% used [0x0fe00000, 0x100e4b40, 0x10260000)
  from space 512K, 100% used [0x10260000, 0x102e0000, 0x102e0000)
  to   space 512K,   0% used [0x102e0000, 0x102e0000, 0x10360000)
 tenured generation   total 10944K, used 10247K [0x15350000, 0x15e00000, 0x1fe00000)
   the space 10944K,  93% used [0x15350000, 0x15d51d20, 0x15d51e00, 0x15e00000)
 Metaspace       used 18531K, capacity 18795K, committed 18944K, reserved 19840K
Event: 60.267 GC heap after
Heap after GC invocations=17 (full 2):
 def new generation   total 4992K, used 0K [0x0fe00000, 0x10360000, 0x15350000)
  eden space 4480K,   0% used [0x0fe00000, 0x0fe00000, 0x10260000)
  from space 512K,   0% used [0x10260000, 0x10260000, 0x102e0000)
  to   space 512K,   0% used [0x102e0000, 0x102e0000, 0x10360000)
 tenured generation   total 10944K, used 6439K [0x15350000, 0x15e00000, 0x1fe00000)
   the space 10944K,  58% used [0x15350000, 0x15999dd0, 0x15999e00, 0x15e00000)
 Metaspace       used 18531K, capacity 18795K, committed 18944K, reserved 19840K
}
Event: 112.620 GC heap before
{Heap before GC invocations=17 (full 2):
 def new generation   total 4992K, used 4169K [0x0fe00000, 0x10360000, 0x15350000)
  eden space 4480K,  93% used [0x0fe00000, 0x102126c0, 0x10260000)
  from space 512K,   0% used [0x10260000, 0x10260000, 0x102e0000)
  to   space 512K,   0% used [0x102e0000, 0x102e0000, 0x10360000)
 tenured generation   total 10944K, used 6439K [0x15350000, 0x15e00000, 0x1fe00000)
   the space 10944K,  58% used [0x15350000, 0x15999dd0, 0x15999e00, 0x15e00000)
 Metaspace       used 19349K, capacity 19618K, committed 19712K, reserved 19840K
Event: 112.623 GC heap after
Heap after GC invocations=18 (full 2):
 def new generation   total 4992K, used 260K [0x0fe00000, 0x10360000, 0x15350000)
  eden space 4480K,   0% used [0x0fe00000, 0x0fe00000, 0x10260000)
  from space 512K,  50% used [0x102e0000, 0x10321010, 0x10360000)
  to   space 512K,   0% used [0x10260000, 0x10260000, 0x102e0000)
 tenured generation   total 10944K, used 7811K [0x15350000, 0x15e00000, 0x1fe00000)
   the space 10944K,  71% used [0x15350000, 0x15af0de0, 0x15af0e00, 0x15e00000)
 Metaspace       used 19349K, capacity 19618K, committed 19712K, reserved 19840K
}

